<?xml version="1.0" encoding="UTF-8"?>
<testng-results ignored="0" total="1" passed="1" failed="0" skipped="0">
  <reporter-output>
  </reporter-output>
  <suite started-at="2022-03-11T10:47:18 GMT-08:00" name="Default suite" finished-at="2022-03-11T10:47:18 GMT-08:00" duration-ms="40">
    <groups>
    </groups>
    <test started-at="2022-03-11T10:47:18 GMT-08:00" name="Default test" finished-at="2022-03-11T10:47:18 GMT-08:00" duration-ms="40">
      <class name="demo.Ashuu">
        <test-method is-config="true" signature="beforeClass()[pri:0, instance:demo.Ashuu@b62d79]" started-at="2022-03-11T10:47:18 GMT-08:00" name="beforeClass" finished-at="2022-03-11T10:47:18 GMT-08:00" duration-ms="6" status="PASS">
          <reporter-output>
          </reporter-output>
        </test-method> <!-- beforeClass -->
        <test-method is-config="true" signature="beforeMethod()[pri:0, instance:demo.Ashuu@b62d79]" started-at="2022-03-11T10:47:18 GMT-08:00" name="beforeMethod" finished-at="2022-03-11T10:47:18 GMT-08:00" duration-ms="1" status="PASS">
          <reporter-output>
          </reporter-output>
        </test-method> <!-- beforeMethod -->
        <test-method signature="test()[pri:0, instance:demo.Ashuu@b62d79]" started-at="2022-03-11T10:47:18 GMT-08:00" name="test" finished-at="2022-03-11T10:47:18 GMT-08:00" duration-ms="4" status="PASS">
          <reporter-output>
          </reporter-output>
        </test-method> <!-- test -->
        <test-method is-config="true" signature="afterMethod()[pri:0, instance:demo.Ashuu@b62d79]" started-at="2022-03-11T10:47:18 GMT-08:00" name="afterMethod" finished-at="2022-03-11T10:47:18 GMT-08:00" duration-ms="1" status="PASS">
          <reporter-output>
          </reporter-output>
        </test-method> <!-- afterMethod -->
        <test-method is-config="true" signature="afterClass()[pri:0, instance:demo.Ashuu@b62d79]" started-at="2022-03-11T10:47:18 GMT-08:00" name="afterClass" finished-at="2022-03-11T10:47:18 GMT-08:00" duration-ms="0" status="PASS">
          <reporter-output>
          </reporter-output>
        </test-method> <!-- afterClass -->
      </class> <!-- demo.Ashuu -->
    </test> <!-- Default test -->
  </suite> <!-- Default suite -->
</testng-results>
